TN:
SF:script/DeployDSC.s.sol
DA:13,25
FN:13,DeployDSC.run
FNDA:25,DeployDSC.run
DA:17,25
DA:19,25
DA:25,25
DA:27,25
DA:28,25
DA:30,25
DA:31,25
DA:32,25
DA:37,25
DA:38,25
DA:40,25
FNF:1
FNH:1
LF:12
LH:12
BRF:0
BRH:0
end_of_record
TN:
SF:script/HelperConfig.s.sol
DA:22,25
FN:22,HelperConfig.constructor
FNDA:25,HelperConfig.constructor
DA:23,25
BRDA:23,0,0,-
BRDA:23,0,1,25
DA:24,0
DA:26,25
DA:30,0
FN:30,HelperConfig.run
FNDA:0,HelperConfig.run
DA:32,0
FN:32,HelperConfig.getSepoliaEthConfig
FNDA:0,HelperConfig.getSepoliaEthConfig
DA:33,0
DA:43,25
FN:43,HelperConfig.getOrCreateAnvilConfig
FNDA:25,HelperConfig.getOrCreateAnvilConfig
DA:44,25
BRDA:44,1,0,-
DA:45,0
DA:48,25
DA:49,25
DA:53,25
DA:55,25
DA:59,25
DA:60,25
DA:62,25
FNF:4
FNH:2
LF:17
LH:12
BRF:3
BRH:1
end_of_record
TN:
SF:src/DSCEngine.sol
DA:71,5
FN:71,DSCEngine.moreThanZero
FNDA:5,DSCEngine.moreThanZero
DA:72,5
BRDA:72,0,0,1
DA:73,1
DA:78,4
FN:78,DSCEngine.isAllowedToken
FNDA:4,DSCEngine.isAllowedToken
DA:79,4
BRDA:79,1,0,-
DA:80,0
DA:85,26
FN:85,DSCEngine.constructor
FNDA:26,DSCEngine.constructor
DA:90,26
BRDA:90,2,0,1
DA:91,1
DA:94,25
DA:95,50
DA:96,50
DA:98,25
DA:107,16
FN:107,DSCEngine.depositCollateralAndMintDsc
FNDA:16,DSCEngine.depositCollateralAndMintDsc
DA:112,16
DA:113,16
DA:120,10
FN:120,DSCEngine.depositCollateral
FNDA:10,DSCEngine.depositCollateral
DA:129,24
DA:132,24
DA:138,24
DA:151,1
FN:151,DSCEngine.redeemCollateralForDsc
FNDA:1,DSCEngine.redeemCollateralForDsc
DA:160,1
DA:161,1
DA:170,5
FN:170,DSCEngine.redeemCollateral
FNDA:5,DSCEngine.redeemCollateral
DA:179,5
DA:185,4
DA:192,3
FN:192,DSCEngine.mintDsc
FNDA:3,DSCEngine.mintDsc
DA:195,19
DA:196,19
DA:198,18
DA:206,5
FN:206,DSCEngine.burnDsc
FNDA:5,DSCEngine.burnDsc
DA:209,6
DA:221,5
FN:221,DSCEngine.liquidate
FNDA:5,DSCEngine.liquidate
DA:231,4
DA:232,4
BRDA:232,3,0,1
DA:233,1
DA:236,3
DA:241,3
DA:244,3
DA:247,3
DA:248,3
DA:255,3
DA:264,9
FN:264,DSCEngine._burnDsc
FNDA:9,DSCEngine._burnDsc
DA:269,9
BRDA:269,4,0,2
DA:270,2
DA:273,7
DA:274,7
DA:275,7
DA:278,8
FN:278,DSCEngine._redeemCollateral
FNDA:8,DSCEngine._redeemCollateral
DA:284,8
DA:288,8
BRDA:288,5,0,1
DA:289,1
DA:292,7
DA:293,7
DA:299,7
DA:302,38
FN:302,DSCEngine._getAccountInformation
FNDA:38,DSCEngine._getAccountInformation
DA:309,38
DA:310,38
DA:313,30
FN:313,DSCEngine._healthFactor
FNDA:30,DSCEngine._healthFactor
DA:314,30
DA:317,30
DA:319,30
BRDA:319,6,0,3
DA:320,3
DA:323,27
DA:326,27
DA:329,23
FN:329,DSCEngine._revertIfHealthFactorIsBroken
FNDA:23,DSCEngine._revertIfHealthFactorIsBroken
DA:330,23
DA:331,23
BRDA:331,7,0,2
DA:332,2
DA:336,8
FN:336,DSCEngine.getAccountInformation
FNDA:8,DSCEngine.getAccountInformation
DA:339,8
DA:342,0
FN:342,DSCEngine.getCollateralTokens
FNDA:0,DSCEngine.getCollateralTokens
DA:343,0
DA:346,3
FN:346,DSCEngine.getCollateralBalanceOfUser
FNDA:3,DSCEngine.getCollateralBalanceOfUser
DA:350,3
DA:353,5
FN:353,DSCEngine.getTokenAmountFromUsd
FNDA:5,DSCEngine.getTokenAmountFromUsd
DA:357,8
DA:360,8
DA:362,8
DA:363,8
DA:368,3
FN:368,DSCEngine.getHealthFactor
FNDA:3,DSCEngine.getHealthFactor
DA:369,3
DA:372,1
FN:372,DSCEngine.getAccountCollateralValue
FNDA:1,DSCEngine.getAccountCollateralValue
DA:375,39
DA:376,78
DA:377,78
DA:378,78
DA:382,2
FN:382,DSCEngine.getUsdValue
FNDA:2,DSCEngine.getUsdValue
DA:386,80
DA:389,80
DA:391,80
DA:393,80
DA:396,0
FN:396,DSCEngine.getMinHealthFactor
FNDA:0,DSCEngine.getMinHealthFactor
DA:397,0
DA:400,0
FN:400,DSCEngine.getTokenPriceFeed
FNDA:0,DSCEngine.getTokenPriceFeed
DA:401,0
FNF:24
FNH:21
LF:96
LH:89
BRF:8
BRH:7
end_of_record
TN:
SF:src/DecentralizedStableCoin.sol
DA:22,7
FN:22,DecentralizedStableCoin.burn
FNDA:7,DecentralizedStableCoin.burn
DA:23,7
DA:24,7
BRDA:24,0,0,-
DA:25,0
DA:27,7
BRDA:27,1,0,-
DA:28,0
DA:30,7
DA:33,18
FN:33,DecentralizedStableCoin.mint
FNDA:18,DecentralizedStableCoin.mint
DA:34,18
BRDA:34,2,0,-
DA:35,0
DA:37,18
BRDA:37,3,0,-
DA:38,0
DA:40,18
FNF:2
FNH:2
LF:13
LH:9
BRF:4
BRH:0
end_of_record
TN:
SF:src/libraries/OracleLib.sol
DA:18,88
FN:18,OracleLib.staleCheckLatestRoundData
FNDA:88,OracleLib.staleCheckLatestRoundData
DA:21,88
DA:27,88
DA:29,88
DA:31,88
BRDA:31,0,0,-
DA:32,88
BRDA:32,1,0,-
DA:34,88
FNF:1
FNH:1
LF:7
LH:7
BRF:2
BRH:0
end_of_record
TN:
SF:test/fuzz/Handler.t.sol
DA:21,0
FN:21,Handler.constructor
FNDA:0,Handler.constructor
DA:22,0
DA:23,0
DA:26,0
FN:26,Handler.depositCollateral
FNDA:0,Handler.depositCollateral
DA:30,0
DA:31,0
DA:32,0
DA:33,0
DA:34,0
DA:35,0
DA:36,0
DA:38,0
DA:41,0
FN:41,Handler._getCollateralFromSeed
FNDA:0,Handler._getCollateralFromSeed
DA:44,0
DA:45,0
DA:46,0
DA:49,0
FN:49,Handler._priceDecrease
FNDA:0,Handler._priceDecrease
DA:50,0
DA:51,0
DA:53,0
DA:58,0
FN:58,Handler.mintDsc
FNDA:0,Handler.mintDsc
DA:59,0
BRDA:59,0,0,-
DA:60,0
DA:63,0
DA:64,0
DA:66,0
DA:69,0
DA:73,0
BRDA:73,1,0,-
DA:74,0
DA:77,0
DA:78,0
DA:79,0
DA:80,0
DA:83,0
FN:83,Handler.redeemCollateral
FNDA:0,Handler.redeemCollateral
DA:87,0
DA:88,0
DA:92,0
DA:93,0
BRDA:93,2,0,-
DA:94,0
DA:97,0
DA:100,0
DA:101,0
DA:103,0
DA:104,0
BRDA:104,3,0,-
BRDA:104,3,1,-
DA:105,0
DA:107,0
DA:112,0
DA:114,0
DA:115,0
BRDA:115,4,0,-
DA:116,0
DA:118,0
DA:119,0
DA:122,0
FN:122,Handler.burnDsc
FNDA:0,Handler.burnDsc
DA:123,0
BRDA:123,5,0,-
DA:124,0
DA:127,0
DA:128,0
DA:130,0
DA:131,0
DA:133,0
BRDA:133,6,0,-
DA:134,0
DA:137,0
DA:139,0
DA:140,0
DA:141,0
BRDA:141,7,0,-
DA:142,0
DA:144,0
DA:145,0
DA:148,0
FN:148,Handler.liquidate
FNDA:0,Handler.liquidate
DA:149,0
DA:150,0
DA:152,0
DA:153,0
DA:154,0
DA:155,0
DA:160,0
BRDA:160,8,0,-
DA:161,0
DA:164,0
DA:167,0
DA:168,0
DA:169,0
DA:171,0
DA:176,0
DA:177,0
BRDA:177,9,0,-
DA:178,0
DA:181,0
BRDA:181,10,0,-
DA:182,0
DA:185,0
DA:186,0
DA:187,0
DA:188,0
DA:189,0
DA:190,0
DA:191,0
DA:192,0
FNF:8
FNH:0
LF:95
LH:0
BRF:12
BRH:0
end_of_record
TN:
SF:test/mocks/ERC20Mock.sol
DA:8,51
FN:8,ERC20Mock.constructor
FNDA:51,ERC20Mock.constructor
DA:12,51
DA:15,30
FN:15,ERC20Mock.mint
FNDA:30,ERC20Mock.mint
DA:16,30
FNF:2
FNH:2
LF:4
LH:4
BRF:0
BRH:0
end_of_record
TN:
SF:test/mocks/MockV3Aggregator.sol
DA:8,50
FN:8,MockV3Aggregator.constructor
FNDA:50,MockV3Aggregator.constructor
DA:9,50
DA:10,50
DA:13,3
FN:13,MockV3Aggregator.setPriceData
FNDA:3,MockV3Aggregator.setPriceData
DA:14,3
DA:17,0
FN:17,MockV3Aggregator.latestAnswer
FNDA:0,MockV3Aggregator.latestAnswer
DA:18,0
DA:21,0
FN:21,MockV3Aggregator.latestTimestamp
FNDA:0,MockV3Aggregator.latestTimestamp
DA:22,0
DA:25,0
FN:25,MockV3Aggregator.latestRound
FNDA:0,MockV3Aggregator.latestRound
DA:26,0
DA:29,0
FN:29,MockV3Aggregator.getAnswer
FNDA:0,MockV3Aggregator.getAnswer
DA:30,0
DA:33,0
FN:33,MockV3Aggregator.getTimestamp
FNDA:0,MockV3Aggregator.getTimestamp
DA:34,0
DA:37,0
FN:37,MockV3Aggregator.description
FNDA:0,MockV3Aggregator.description
DA:38,0
DA:41,0
FN:41,MockV3Aggregator.version
FNDA:0,MockV3Aggregator.version
DA:42,0
DA:45,0
FN:45,MockV3Aggregator.getRoundData
FNDA:0,MockV3Aggregator.getRoundData
DA:58,0
DA:61,88
FN:61,MockV3Aggregator.latestRoundData
FNDA:88,MockV3Aggregator.latestRoundData
DA:72,88
FNF:11
FNH:3
LF:23
LH:7
BRF:0
BRH:0
end_of_record
